<?xml version="1.0" encoding="UTF-8" standalone="no"?><testsuite errors="1" failures="1" name="Buscar vuelos" skipped="0" tests="2" time="16.9" timestamp="2025-07-10 04:42:57"><testcase name="Buscar vuelos entre dos ciudades válidas"><failure message="&#10;Expected: &quot;Flights from Paris to Buenos Aires&quot;&#10;     but: was &quot;Thank you for your purchase today!&quot;" type="java.lang.AssertionError">
Expected: "Flights from Paris to Buenos Aires"
     but: was "Thank you for your purchase today!"</failure><system-err>
Expected: "Flights from Paris to Buenos Aires"
     but: was "Thank you for your purchase today!"
co.edu.udea.calidad.blazedemo.stepdefinitions.BlazeDemoStepDefinitions.debeVerNotificacion(BlazeDemoStepDefinitions.java:47)
✽.debe ver notificacion "Flights from Paris to Buenos Aires"(file:///home/alex/Documentos/estudio/innosistemas/testAutomatizacion/src/test/resources/features/blazedemo.feature:6)
</system-err></testcase><testcase name="No seleccionar ciudad de origen (caso no feliz)"><error message="Cannot locate option with text: caracas&#10;For documentation on this error, please visit: https://selenium.dev/exceptions/#no_such_element&#10;Build info: version: '4.8.0', revision: '267030adea'&#10;System info: os.name: 'Linux', os.arch: 'amd64', os.version: '5.15.0-139-generic', java.version: '17.0.15'&#10;Driver info: driver.version: unknown" type="org.openqa.selenium.NoSuchElementException">Cannot locate option with text: caracas
For documentation on this error, please visit: https://selenium.dev/exceptions/#no_such_element
Build info: version: '4.8.0', revision: '267030adea'
System info: os.name: 'Linux', os.arch: 'amd64', os.version: '5.15.0-139-generic', java.version: '17.0.15'
Driver info: driver.version: unknown</error><system-err>Cannot locate option with text: caracas
For documentation on this error, please visit: https://selenium.dev/exceptions/#no_such_element
Build info: version: '4.8.0', revision: '267030adea'
System info: os.name: 'Linux', os.arch: 'amd64', os.version: '5.15.0-139-generic', java.version: '17.0.15'
Driver info: driver.version: unknown
co.edu.udea.calidad.blazedemo.tasks.SelectFlightTask.performAs(SelectFlightTask.java:26)
co.edu.udea.calidad.blazedemo.stepdefinitions.BlazeDemoStepDefinitions.elUsuarioSeleccionaOrigenYDestino(BlazeDemoStepDefinitions.java:37)
io.cucumber.java.Invoker.doInvoke(Invoker.java:66)
io.cucumber.java.Invoker.invoke(Invoker.java:24)
io.cucumber.java.AbstractGlueDefinition.invokeMethod(AbstractGlueDefinition.java:47)
io.cucumber.java.JavaStepDefinition.execute(JavaStepDefinition.java:29)
io.cucumber.core.runner.CoreStepDefinition.execute(CoreStepDefinition.java:66)
io.cucumber.core.runner.PickleStepDefinitionMatch.runStep(PickleStepDefinitionMatch.java:63)
io.cucumber.core.runner.TestStep.executeStep(TestStep.java:84)
io.cucumber.core.runner.TestStep.run(TestStep.java:56)
io.cucumber.core.runner.PickleStepTestStep.run(PickleStepTestStep.java:51)
io.cucumber.core.runner.TestCase.run(TestCase.java:84)
io.cucumber.core.runner.Runner.runPickle(Runner.java:75)
io.cucumber.core.runtime.CucumberExecutionContext.lambda$runTestCase$5(CucumberExecutionContext.java:130)
io.cucumber.core.runtime.RethrowingThrowableCollector.executeAndThrow(RethrowingThrowableCollector.java:23)
io.cucumber.core.runtime.CucumberExecutionContext.runTestCase(CucumberExecutionContext.java:130)
io.cucumber.junit.FeatureRunner.runChild(FeatureRunner.java:144)
io.cucumber.junit.FeatureRunner.runChild(FeatureRunner.java:28)
io.cucumber.junit.FeatureRunner.run(FeatureRunner.java:137)
io.cucumber.junit.CucumberSerenityRunner.runChild(CucumberSerenityRunner.java:259)
io.cucumber.junit.CucumberSerenityRunner.runChild(CucumberSerenityRunner.java:59)
worker.org.gradle.process.internal.worker.GradleWorkerMain.run(GradleWorkerMain.java:69)
worker.org.gradle.process.internal.worker.GradleWorkerMain.main(GradleWorkerMain.java:74)
</system-err></testcase></testsuite>